2001.09.11 09:50 B C:\simple200109\project\fuzenet\jp\inc\conf.inc <-- harunet /public_html/fuzenet/jp/inc conf.inc
2001.09.11 09:50 B C:\simple200109\project\fuzenet\jp\inc\connect.inc.php <-- harunet /public_html/fuzenet/jp/inc connect.inc.php
2001.09.11 09:50 B C:\simple200109\project\fuzenet\jp\inc\func.inc <-- harunet /public_html/fuzenet/jp/inc func.inc
2001.09.11 09:50 B C:\simple200109\project\fuzenet\jp\inc\func2.inc <-- harunet /public_html/fuzenet/jp/inc func2.inc
2001.09.11 09:50 B C:\simple200109\project\fuzenet\jp\inc\head.inc <-- harunet /public_html/fuzenet/jp/inc head.inc
2001.09.11 09:50 B C:\simple200109\project\fuzenet\jp\inc\left_menu.inc <-- harunet /public_html/fuzenet/jp/inc left_menu.inc
2001.09.11 09:50 B C:\simple200109\project\fuzenet\jp\inc\menu.inc <-- harunet /public_html/fuzenet/jp/inc menu.inc
2001.09.11 09:50 B C:\simple200109\project\fuzenet\jp\inc\msg.inc <-- harunet /public_html/fuzenet/jp/inc msg.inc
2001.09.11 09:50 B C:\simple200109\project\fuzenet\jp\inc\path.inc <-- harunet /public_html/fuzenet/jp/inc path.inc
2001.09.11 09:50 B C:\simple200109\project\fuzenet\jp\inc\tail.inc <-- harunet /public_html/fuzenet/jp/inc tail.inc
2001.09.11 09:50 B C:\simple200109\project\fuzenet\jp\inc\throw.inc <-- harunet /public_html/fuzenet/jp/inc throw.inc
2001.09.11 09:57 B C:\simple200109\project\fuzenet\jp\inc\conf.inc --> from0.com /public_html/inc conf.inc
2001.09.11 09:57 B C:\simple200109\project\fuzenet\jp\inc\connect.inc.php --> from0.com /public_html/inc connect.inc.php
2001.09.11 09:57 B C:\simple200109\project\fuzenet\jp\inc\func.inc --> from0.com /public_html/inc func.inc
2001.09.11 09:58 B C:\simple200109\project\fuzenet\jp\inc\func2.inc --> from0.com /public_html/inc func2.inc
2001.09.11 09:58 B C:\simple200109\project\fuzenet\jp\inc\head.inc --> from0.com /public_html/inc head.inc
2001.09.11 09:58 B C:\simple200109\project\fuzenet\jp\inc\left_menu.inc --> from0.com /public_html/inc left_menu.inc
2001.09.11 09:58 B C:\simple200109\project\fuzenet\jp\inc\menu.inc --> from0.com /public_html/inc menu.inc
2001.09.11 09:58 B C:\simple200109\project\fuzenet\jp\inc\msg.inc --> from0.com /public_html/inc msg.inc
2001.09.11 09:58 B C:\simple200109\project\fuzenet\jp\inc\path.inc --> from0.com /public_html/inc path.inc
2001.09.11 09:58 B C:\simple200109\project\fuzenet\jp\inc\tail.inc --> from0.com /public_html/inc tail.inc
2001.09.11 09:58 B C:\simple200109\project\fuzenet\jp\inc\throw.inc --> from0.com /public_html/inc throw.inc
2001.09.11 09:58 B C:\simple200109\project\fuzenet\jp\inc\WS_FTP.LOG --> from0.com /public_html/inc WS_FTP.LOG
2001.12.19 15:06 B D:\simple200109\project\fuzenet\jp\inc\conf.inc --> koreaservercenter.com /www/fuzenet/jp/inc conf.inc
2001.12.19 15:06 B D:\simple200109\project\fuzenet\jp\inc\connect.inc.php --> koreaservercenter.com /www/fuzenet/jp/inc connect.inc.php
2001.12.19 15:06 B D:\simple200109\project\fuzenet\jp\inc\func.inc --> koreaservercenter.com /www/fuzenet/jp/inc func.inc
2001.12.19 15:06 B D:\simple200109\project\fuzenet\jp\inc\func2.inc --> koreaservercenter.com /www/fuzenet/jp/inc func2.inc
2001.12.19 15:06 B D:\simple200109\project\fuzenet\jp\inc\head.inc --> koreaservercenter.com /www/fuzenet/jp/inc head.inc
2001.12.19 15:06 B D:\simple200109\project\fuzenet\jp\inc\left_menu.inc --> koreaservercenter.com /www/fuzenet/jp/inc left_menu.inc
2001.12.19 15:06 B D:\simple200109\project\fuzenet\jp\inc\menu.inc --> koreaservercenter.com /www/fuzenet/jp/inc menu.inc
2001.12.19 15:06 B D:\simple200109\project\fuzenet\jp\inc\msg.inc --> koreaservercenter.com /www/fuzenet/jp/inc msg.inc
2001.12.19 15:06 B D:\simple200109\project\fuzenet\jp\inc\path.inc --> koreaservercenter.com /www/fuzenet/jp/inc path.inc
2001.12.19 15:06 B D:\simple200109\project\fuzenet\jp\inc\tail.inc --> koreaservercenter.com /www/fuzenet/jp/inc tail.inc
2001.12.19 15:06 B D:\simple200109\project\fuzenet\jp\inc\throw.inc --> koreaservercenter.com /www/fuzenet/jp/inc throw.inc
2001.12.26 10:28 B D:\simple200109\project\ezoomoney\inc\WS_FTP.LOG <-- sayjob /www/fuzenet/ezoomoney/inc WS_FTP.LOG
2002.01.16 14:39 B D:\simple200109\project\ezoomoney\inc\common.inc.php <-- sayjob /host/seethrou/www/fuzenet/ezoomoney/inc common.inc.php
2002.01.16 14:39 B D:\simple200109\project\ezoomoney\inc\conf.inc.php <-- sayjob /host/seethrou/www/fuzenet/ezoomoney/inc conf.inc.php
2002.01.16 14:39 B D:\simple200109\project\ezoomoney\inc\connect.inc.php <-- sayjob /host/seethrou/www/fuzenet/ezoomoney/inc connect.inc.php
2002.01.16 14:39 B D:\simple200109\project\ezoomoney\inc\head.inc <-- sayjob /host/seethrou/www/fuzenet/ezoomoney/inc head.inc
2002.01.16 14:39 B D:\simple200109\project\ezoomoney\inc\left_menu.inc <-- sayjob /host/seethrou/www/fuzenet/ezoomoney/inc left_menu.inc
2002.01.16 14:39 B D:\simple200109\project\ezoomoney\inc\menu.inc <-- sayjob /host/seethrou/www/fuzenet/ezoomoney/inc menu.inc
2002.01.16 14:39 B D:\simple200109\project\ezoomoney\inc\tail.inc <-- sayjob /host/seethrou/www/fuzenet/ezoomoney/inc tail.inc
2002.01.16 14:42 B D:\simple200109\project\ezoomoney\inc\common.inc.php --> ezoomoney.com /public_html/inc common.inc.php
2002.01.16 14:42 B D:\simple200109\project\ezoomoney\inc\conf.inc.php --> ezoomoney.com /public_html/inc conf.inc.php
2002.01.16 14:42 B D:\simple200109\project\ezoomoney\inc\connect.inc.php --> ezoomoney.com /public_html/inc connect.inc.php
2002.01.16 14:42 B D:\simple200109\project\ezoomoney\inc\func.inc --> ezoomoney.com /public_html/inc func.inc
2002.01.16 14:42 B D:\simple200109\project\ezoomoney\inc\func2.inc --> ezoomoney.com /public_html/inc func2.inc
2002.01.16 14:42 B D:\simple200109\project\ezoomoney\inc\h.inc --> ezoomoney.com /public_html/inc h.inc
2002.01.16 14:42 B D:\simple200109\project\ezoomoney\inc\head.inc --> ezoomoney.com /public_html/inc head.inc
2002.01.16 14:42 B D:\simple200109\project\ezoomoney\inc\left_menu.inc --> ezoomoney.com /public_html/inc left_menu.inc
2002.01.16 14:42 B D:\simple200109\project\ezoomoney\inc\menu.inc --> ezoomoney.com /public_html/inc menu.inc
2002.01.16 14:42 B D:\simple200109\project\ezoomoney\inc\msg.inc --> ezoomoney.com /public_html/inc msg.inc
2002.01.16 14:42 B D:\simple200109\project\ezoomoney\inc\path.inc --> ezoomoney.com /public_html/inc path.inc
2002.01.16 14:42 B D:\simple200109\project\ezoomoney\inc\t.inc --> ezoomoney.com /public_html/inc t.inc
2002.01.16 14:42 B D:\simple200109\project\ezoomoney\inc\tail.inc --> ezoomoney.com /public_html/inc tail.inc
2002.01.16 14:42 B D:\simple200109\project\ezoomoney\inc\throw.inc --> ezoomoney.com /public_html/inc throw.inc
2002.02.20 08:49 B D:\simple200109\project\ezoomoney20020220\public_html\inc\WS_FTP.LOG <-- ezoomoney /public_html/inc WS_FTP.LOG
2002.03.05 19:04 B D:\simple200109\project\ezoomoney20020220\public_html\inc\conf.inc.php <-- ezoomoney /public_html/inc conf.inc.php
2002.03.05 19:04 B D:\simple200109\project\ezoomoney20020220\public_html\inc\head.inc <-- ezoomoney /public_html/inc head.inc
2002.03.05 19:13 B D:\simple200109\project\ezoomoney20020220\public_html\inc\common.inc.php --> www.samsung27.co.kr /public_html/inc common.inc.php
2002.03.05 19:13 B D:\simple200109\project\ezoomoney20020220\public_html\inc\conf.inc.php --> www.samsung27.co.kr /public_html/inc conf.inc.php
2002.03.05 19:13 B D:\simple200109\project\ezoomoney20020220\public_html\inc\connect.inc.php --> www.samsung27.co.kr /public_html/inc connect.inc.php
2002.03.05 19:13 B D:\simple200109\project\ezoomoney20020220\public_html\inc\func.inc --> www.samsung27.co.kr /public_html/inc func.inc
2002.03.05 19:13 B D:\simple200109\project\ezoomoney20020220\public_html\inc\func2.inc --> www.samsung27.co.kr /public_html/inc func2.inc
2002.03.05 19:13 B D:\simple200109\project\ezoomoney20020220\public_html\inc\h.inc --> www.samsung27.co.kr /public_html/inc h.inc
2002.03.05 19:13 B D:\simple200109\project\ezoomoney20020220\public_html\inc\head.inc --> www.samsung27.co.kr /public_html/inc head.inc
2002.03.05 19:13 B D:\simple200109\project\ezoomoney20020220\public_html\inc\left_menu.inc --> www.samsung27.co.kr /public_html/inc left_menu.inc
2002.03.05 19:13 B D:\simple200109\project\ezoomoney20020220\public_html\inc\menu.inc --> www.samsung27.co.kr /public_html/inc menu.inc
2002.03.05 19:13 B D:\simple200109\project\ezoomoney20020220\public_html\inc\msg.inc --> www.samsung27.co.kr /public_html/inc msg.inc
2002.03.05 19:13 B D:\simple200109\project\ezoomoney20020220\public_html\inc\path.inc --> www.samsung27.co.kr /public_html/inc path.inc
2002.03.05 19:13 B D:\simple200109\project\ezoomoney20020220\public_html\inc\t.inc --> www.samsung27.co.kr /public_html/inc t.inc
2002.03.05 19:13 B D:\simple200109\project\ezoomoney20020220\public_html\inc\tail.inc --> www.samsung27.co.kr /public_html/inc tail.inc
2002.03.05 19:13 B D:\simple200109\project\ezoomoney20020220\public_html\inc\throw.inc --> www.samsung27.co.kr /public_html/inc throw.inc
2002.03.05 19:13 B D:\simple200109\project\ezoomoney20020220\public_html\inc\WS_FTP.LOG --> www.samsung27.co.kr /public_html/inc WS_FTP.LOG
2002.03.05 19:30 B D:\simple200109\project\ezoomoney20020220\public_html\inc\common.inc.php --> www.samsung27.co.kr /public_html/inc common.inc.php
2002.03.05 19:30 B D:\simple200109\project\ezoomoney20020220\public_html\inc\conf.inc.php --> www.samsung27.co.kr /public_html/inc conf.inc.php
2002.03.05 19:30 B D:\simple200109\project\ezoomoney20020220\public_html\inc\connect.inc.php --> www.samsung27.co.kr /public_html/inc connect.inc.php
2002.03.05 19:30 B D:\simple200109\project\ezoomoney20020220\public_html\inc\func.inc --> www.samsung27.co.kr /public_html/inc func.inc
2002.03.05 19:30 B D:\simple200109\project\ezoomoney20020220\public_html\inc\func2.inc --> www.samsung27.co.kr /public_html/inc func2.inc
2002.03.05 19:30 B D:\simple200109\project\ezoomoney20020220\public_html\inc\h.inc --> www.samsung27.co.kr /public_html/inc h.inc
2002.03.05 19:30 B D:\simple200109\project\ezoomoney20020220\public_html\inc\head.inc --> www.samsung27.co.kr /public_html/inc head.inc
2002.03.05 19:30 B D:\simple200109\project\ezoomoney20020220\public_html\inc\left_menu.inc --> www.samsung27.co.kr /public_html/inc left_menu.inc
2002.03.05 19:30 B D:\simple200109\project\ezoomoney20020220\public_html\inc\menu.inc --> www.samsung27.co.kr /public_html/inc menu.inc
2002.03.05 19:30 B D:\simple200109\project\ezoomoney20020220\public_html\inc\msg.inc --> www.samsung27.co.kr /public_html/inc msg.inc
2002.03.05 19:30 B D:\simple200109\project\ezoomoney20020220\public_html\inc\path.inc --> www.samsung27.co.kr /public_html/inc path.inc
2002.03.05 19:30 B D:\simple200109\project\ezoomoney20020220\public_html\inc\t.inc --> www.samsung27.co.kr /public_html/inc t.inc
2002.03.05 19:30 B D:\simple200109\project\ezoomoney20020220\public_html\inc\tail.inc --> www.samsung27.co.kr /public_html/inc tail.inc
2002.03.05 19:30 B D:\simple200109\project\ezoomoney20020220\public_html\inc\throw.inc --> www.samsung27.co.kr /public_html/inc throw.inc
2002.03.11 18:01 B D:\simple200109\project\HomepageTool\public_html\inc\WS_FTP.LOG <-- samsung27 /public_html/inc WS_FTP.LOG
2002.03.12 10:03 B D:\simple200109\project\HomepageTool\samsung27_public_html_20020311\inc\common.inc.php --> koreaservercenter.com /host/seethrou/www/nm/inc common.inc.php
2002.03.12 10:03 B D:\simple200109\project\HomepageTool\samsung27_public_html_20020311\inc\conf.inc.php --> koreaservercenter.com /host/seethrou/www/nm/inc conf.inc.php
2002.03.12 10:03 B D:\simple200109\project\HomepageTool\samsung27_public_html_20020311\inc\connect.inc.php --> koreaservercenter.com /host/seethrou/www/nm/inc connect.inc.php
2002.03.12 10:03 B D:\simple200109\project\HomepageTool\samsung27_public_html_20020311\inc\func.inc --> koreaservercenter.com /host/seethrou/www/nm/inc func.inc
2002.03.12 10:03 B D:\simple200109\project\HomepageTool\samsung27_public_html_20020311\inc\func2.inc --> koreaservercenter.com /host/seethrou/www/nm/inc func2.inc
2002.03.12 10:03 B D:\simple200109\project\HomepageTool\samsung27_public_html_20020311\inc\h.inc --> koreaservercenter.com /host/seethrou/www/nm/inc h.inc
2002.03.12 10:03 B D:\simple200109\project\HomepageTool\samsung27_public_html_20020311\inc\head.inc --> koreaservercenter.com /host/seethrou/www/nm/inc head.inc
2002.03.12 10:03 B D:\simple200109\project\HomepageTool\samsung27_public_html_20020311\inc\left_menu.inc --> koreaservercenter.com /host/seethrou/www/nm/inc left_menu.inc
2002.03.12 10:03 B D:\simple200109\project\HomepageTool\samsung27_public_html_20020311\inc\menu.inc --> koreaservercenter.com /host/seethrou/www/nm/inc menu.inc
2002.03.12 10:03 B D:\simple200109\project\HomepageTool\samsung27_public_html_20020311\inc\msg.inc --> koreaservercenter.com /host/seethrou/www/nm/inc msg.inc
2002.03.12 10:03 B D:\simple200109\project\HomepageTool\samsung27_public_html_20020311\inc\path.inc --> koreaservercenter.com /host/seethrou/www/nm/inc path.inc
2002.03.12 10:03 B D:\simple200109\project\HomepageTool\samsung27_public_html_20020311\inc\prepare.inc --> koreaservercenter.com /host/seethrou/www/nm/inc prepare.inc
2002.03.12 10:03 B D:\simple200109\project\HomepageTool\samsung27_public_html_20020311\inc\t.inc --> koreaservercenter.com /host/seethrou/www/nm/inc t.inc
2002.03.12 10:03 B D:\simple200109\project\HomepageTool\samsung27_public_html_20020311\inc\tail.inc --> koreaservercenter.com /host/seethrou/www/nm/inc tail.inc
2002.03.12 10:03 B D:\simple200109\project\HomepageTool\samsung27_public_html_20020311\inc\throw.inc --> koreaservercenter.com /host/seethrou/www/nm/inc throw.inc
2002.03.29 19:28 B C:\simple\nm\inc\WS_FTP.LOG <-- koreaservercenter /host/seethrou/www/nm/inc WS_FTP.LOG
2002.03.29 19:34 B C:\simple\nm\inc\common.inc.php --> ujb.biz /public_html/nm/inc common.inc.php
2002.03.29 19:34 B C:\simple\nm\inc\conf.inc.php --> ujb.biz /public_html/nm/inc conf.inc.php
2002.03.29 19:34 B C:\simple\nm\inc\connect.inc.php --> ujb.biz /public_html/nm/inc connect.inc.php
2002.03.29 19:34 B C:\simple\nm\inc\func.inc --> ujb.biz /public_html/nm/inc func.inc
2002.03.29 19:34 B C:\simple\nm\inc\func2.inc --> ujb.biz /public_html/nm/inc func2.inc
2002.03.29 19:34 B C:\simple\nm\inc\h.inc --> ujb.biz /public_html/nm/inc h.inc
2002.03.29 19:34 B C:\simple\nm\inc\head.inc --> ujb.biz /public_html/nm/inc head.inc
2002.03.29 19:34 B C:\simple\nm\inc\left_menu.inc --> ujb.biz /public_html/nm/inc left_menu.inc
2002.03.29 19:34 B C:\simple\nm\inc\menu.inc --> ujb.biz /public_html/nm/inc menu.inc
2002.03.29 19:34 B C:\simple\nm\inc\msg.inc --> ujb.biz /public_html/nm/inc msg.inc
2002.03.29 19:34 B C:\simple\nm\inc\path.inc --> ujb.biz /public_html/nm/inc path.inc
2002.03.29 19:34 B C:\simple\nm\inc\prepare.inc --> ujb.biz /public_html/nm/inc prepare.inc
2002.03.29 19:34 B C:\simple\nm\inc\t.inc --> ujb.biz /public_html/nm/inc t.inc
2002.03.29 19:34 B C:\simple\nm\inc\tail.inc --> ujb.biz /public_html/nm/inc tail.inc
2002.03.29 19:34 B C:\simple\nm\inc\throw.inc --> ujb.biz /public_html/nm/inc throw.inc
2002.03.29 19:34 B C:\simple\nm\inc\WS_FTP.LOG --> ujb.biz /public_html/nm/inc WS_FTP.LOG
2002.03.30 17:04 B C:\simple\nm\inc\left_menu.inc <-- koreaservercenter /host/seethrou/www/nm/inc left_menu.inc
2002.03.30 17:06 B C:\simple\nm\inc\left_menu.inc --> from0.com /public_html/nm/inc left_menu.inc
2002.10.07 14:23 B E:\ujb.biz1007\public_html\kims\inc\WS_FTP.LOG <-- ujb.biz /public_html/kims/inc WS_FTP.LOG
2002.11.16 11:45 B D:\box\public_html\2002\inc\WS_FTP.LOG <-- quickd /public_html/2002/inc WS_FTP.LOG
2002.11.16 12:23 B D:\box\public_html\2002\inc\common.inc.php --> host15.wotonet.com /public_html/2002/inc common.inc.php
2002.11.16 12:23 B D:\box\public_html\2002\inc\conf.inc.php --> host15.wotonet.com /public_html/2002/inc conf.inc.php
2002.11.16 12:23 B D:\box\public_html\2002\inc\connect.inc.php --> host15.wotonet.com /public_html/2002/inc connect.inc.php
2002.11.16 12:23 B D:\box\public_html\2002\inc\func.inc --> host15.wotonet.com /public_html/2002/inc func.inc
2002.11.16 12:23 B D:\box\public_html\2002\inc\func2.inc --> host15.wotonet.com /public_html/2002/inc func2.inc
2002.11.16 12:23 B D:\box\public_html\2002\inc\h.inc.php --> host15.wotonet.com /public_html/2002/inc h.inc.php
2002.11.16 12:23 B D:\box\public_html\2002\inc\head.inc --> host15.wotonet.com /public_html/2002/inc head.inc
2002.11.16 12:23 B D:\box\public_html\2002\inc\left_menu.inc --> host15.wotonet.com /public_html/2002/inc left_menu.inc
2002.11.16 12:23 B D:\box\public_html\2002\inc\menu.inc --> host15.wotonet.com /public_html/2002/inc menu.inc
2002.11.16 12:23 B D:\box\public_html\2002\inc\msg.inc --> host15.wotonet.com /public_html/2002/inc msg.inc
2002.11.16 12:23 B D:\box\public_html\2002\inc\overpage.inc --> host15.wotonet.com /public_html/2002/inc overpage.inc
2002.11.16 12:23 B D:\box\public_html\2002\inc\path.inc.php --> host15.wotonet.com /public_html/2002/inc path.inc.php
2002.11.16 12:23 B D:\box\public_html\2002\inc\prepare.inc --> host15.wotonet.com /public_html/2002/inc prepare.inc
2002.11.16 12:23 B D:\box\public_html\2002\inc\t.inc --> host15.wotonet.com /public_html/2002/inc t.inc
2002.11.16 12:23 B D:\box\public_html\2002\inc\t.inc.php --> host15.wotonet.com /public_html/2002/inc t.inc.php
2002.11.16 12:23 B D:\box\public_html\2002\inc\tail.inc --> host15.wotonet.com /public_html/2002/inc tail.inc
2002.11.16 12:23 B D:\box\public_html\2002\inc\throw.inc --> host15.wotonet.com /public_html/2002/inc throw.inc
2003.03.03 14:31 B D:\quickd_썐이\ltkglobal\ltk2\korea\inc\WS_FTP.LOG <-- quickd /public_html/ltk2/korea/inc WS_FTP.LOG
2003.03.03 14:45 B D:\quickd_썐이\ltkglobal\ltk2\korea\inc\common.inc.php --> ltkglobal.host24.wotonet.com /public_html/korea/inc common.inc.php
2003.03.03 14:45 B D:\quickd_썐이\ltkglobal\ltk2\korea\inc\conf.inc.php --> ltkglobal.host24.wotonet.com /public_html/korea/inc conf.inc.php
2003.03.03 14:45 B D:\quickd_썐이\ltkglobal\ltk2\korea\inc\connect.inc.php --> ltkglobal.host24.wotonet.com /public_html/korea/inc connect.inc.php
2003.03.03 14:45 B D:\quickd_썐이\ltkglobal\ltk2\korea\inc\func.inc --> ltkglobal.host24.wotonet.com /public_html/korea/inc func.inc
2003.03.03 14:45 B D:\quickd_썐이\ltkglobal\ltk2\korea\inc\func2.inc --> ltkglobal.host24.wotonet.com /public_html/korea/inc func2.inc
2003.03.03 14:45 B D:\quickd_썐이\ltkglobal\ltk2\korea\inc\h.inc.php --> ltkglobal.host24.wotonet.com /public_html/korea/inc h.inc.php
2003.03.03 14:45 B D:\quickd_썐이\ltkglobal\ltk2\korea\inc\head.inc --> ltkglobal.host24.wotonet.com /public_html/korea/inc head.inc
2003.03.03 14:45 B D:\quickd_썐이\ltkglobal\ltk2\korea\inc\left_menu.inc --> ltkglobal.host24.wotonet.com /public_html/korea/inc left_menu.inc
2003.03.03 14:45 B D:\quickd_썐이\ltkglobal\ltk2\korea\inc\menu.inc --> ltkglobal.host24.wotonet.com /public_html/korea/inc menu.inc
2003.03.03 14:45 B D:\quickd_썐이\ltkglobal\ltk2\korea\inc\msg.inc --> ltkglobal.host24.wotonet.com /public_html/korea/inc msg.inc
2003.03.03 14:45 B D:\quickd_썐이\ltkglobal\ltk2\korea\inc\overpage.inc --> ltkglobal.host24.wotonet.com /public_html/korea/inc overpage.inc
2003.03.03 14:45 B D:\quickd_썐이\ltkglobal\ltk2\korea\inc\path.inc.php --> ltkglobal.host24.wotonet.com /public_html/korea/inc path.inc.php
2003.03.03 14:45 B D:\quickd_썐이\ltkglobal\ltk2\korea\inc\prepare.inc --> ltkglobal.host24.wotonet.com /public_html/korea/inc prepare.inc
2003.03.03 14:45 B D:\quickd_썐이\ltkglobal\ltk2\korea\inc\t.inc --> ltkglobal.host24.wotonet.com /public_html/korea/inc t.inc
2003.03.03 14:45 B D:\quickd_썐이\ltkglobal\ltk2\korea\inc\t.inc.php --> ltkglobal.host24.wotonet.com /public_html/korea/inc t.inc.php
2003.03.03 14:45 B D:\quickd_썐이\ltkglobal\ltk2\korea\inc\tail.inc --> ltkglobal.host24.wotonet.com /public_html/korea/inc tail.inc
2003.03.03 14:45 B D:\quickd_썐이\ltkglobal\ltk2\korea\inc\throw.inc --> ltkglobal.host24.wotonet.com /public_html/korea/inc throw.inc
2003.03.03 14:45 B D:\quickd_썐이\ltkglobal\ltk2\korea\inc\WS_FTP.LOG --> ltkglobal.host24.wotonet.com /public_html/korea/inc WS_FTP.LOG
2003.03.21 16:19 B D:\quickd_썐이\cmctv\inc\WS_FTP.LOG --> cmctv.co.kr /new/inc WS_FTP.LOG
2003.03.21 16:19 B D:\quickd_썐이\cmctv\inc\h.inc.php --> cmctv.co.kr /new/inc h.inc.php
2003.03.21 16:19 B D:\quickd_썐이\cmctv\inc\conf.inc.php --> cmctv.co.kr /new/inc conf.inc.php
2003.03.21 16:19 B D:\quickd_썐이\cmctv\inc\msg.inc --> cmctv.co.kr /new/inc msg.inc
2003.03.21 16:19 B D:\quickd_썐이\cmctv\inc\throw.inc --> cmctv.co.kr /new/inc throw.inc
2003.03.21 16:19 B D:\quickd_썐이\cmctv\inc\tail.inc --> cmctv.co.kr /new/inc tail.inc
2003.03.21 16:19 B D:\quickd_썐이\cmctv\inc\t.inc.php --> cmctv.co.kr /new/inc t.inc.php
2003.03.21 16:19 B D:\quickd_썐이\cmctv\inc\t.inc --> cmctv.co.kr /new/inc t.inc
2003.03.21 16:19 B D:\quickd_썐이\cmctv\inc\prepare.inc --> cmctv.co.kr /new/inc prepare.inc
2003.03.21 16:19 B D:\quickd_썐이\cmctv\inc\path.inc.php --> cmctv.co.kr /new/inc path.inc.php
2003.03.21 16:19 B D:\quickd_썐이\cmctv\inc\overpage.inc --> cmctv.co.kr /new/inc overpage.inc
2003.03.21 16:19 B D:\quickd_썐이\cmctv\inc\menu.inc --> cmctv.co.kr /new/inc menu.inc
2003.03.21 16:19 B D:\quickd_썐이\cmctv\inc\left_menu.inc --> cmctv.co.kr /new/inc left_menu.inc
2003.03.21 16:19 B D:\quickd_썐이\cmctv\inc\head.inc --> cmctv.co.kr /new/inc head.inc
2003.03.21 16:19 B D:\quickd_썐이\cmctv\inc\func2.inc --> cmctv.co.kr /new/inc func2.inc
2003.03.21 16:19 B D:\quickd_썐이\cmctv\inc\func.inc --> cmctv.co.kr /new/inc func.inc
2003.03.21 16:19 B D:\quickd_썐이\cmctv\inc\connect.inc.php --> cmctv.co.kr /new/inc connect.inc.php
2003.03.21 16:19 B D:\quickd_썐이\cmctv\inc\common.inc.php --> cmctv.co.kr /new/inc common.inc.php
2003.03.21 16:21 B D:\quickd_썐이\cmctv\inc\conf.inc.php --> cmctv.co.kr /new/inc conf.inc.php
2003.03.21 16:22 B D:\quickd_썐이\cmctv\inc\h.inc.php --> cmctv.co.kr /new/inc h.inc.php
2003.03.21 16:25 B D:\quickd_썐이\cmctv\inc\h.inc.php --> cmctv.co.kr /new/inc h.inc.php
2003.03.21 16:25 B D:\quickd_썐이\cmctv\inc\conf.inc.php --> cmctv.co.kr /new/inc conf.inc.php
2003.03.21 16:29 B D:\quickd_썐이\cmctv\inc\conf.inc.php --> cmctv.co.kr /new/inc conf.inc.php
2003.03.21 16:29 B D:\quickd_썐이\cmctv\inc\h.inc.php --> cmctv.co.kr /new/inc h.inc.php
2003.03.21 16:42 B D:\quickd_썐이\cmctv\inc\h.inc.php --> cmctv.co.kr /new/inc h.inc.php
2003.03.21 16:43 B D:\quickd_썐이\cmctv\inc\conf.inc.php --> cmctv.co.kr /new/inc conf.inc.php
2003.03.21 16:46 B D:\quickd_썐이\cmctv\inc\h.inc.php --> cmctv.co.kr /new/inc h.inc.php
2003.03.21 16:46 B D:\quickd_썐이\cmctv\inc\conf.inc.php --> cmctv.co.kr /new/inc conf.inc.php
2003.03.21 16:49 B D:\quickd_썐이\cmctv\inc\h.inc.php --> cmctv.co.kr /new/inc h.inc.php
2003.03.21 16:49 B D:\quickd_썐이\cmctv\inc\conf.inc.php --> cmctv.co.kr /new/inc conf.inc.php
2003.03.21 16:50 B D:\quickd_썐이\cmctv\inc\conf.inc.php --> cmctv.co.kr /new/inc conf.inc.php
2003.03.21 16:50 B D:\quickd_썐이\cmctv\inc\h.inc.php --> cmctv.co.kr /new/inc h.inc.php
2003.03.21 16:56 B D:\quickd_썐이\cmctv\inc\conf.inc.php --> cmctv.co.kr /new/inc conf.inc.php
2003.03.21 16:56 B D:\quickd_썐이\cmctv\inc\h.inc.php --> cmctv.co.kr /new/inc h.inc.php
2003.03.22 10:40 B D:\quickd_썐이\cmc\inc\common.inc.php --> quickd.co.kr /public_html/cmc/inc common.inc.php
2003.03.22 10:40 B D:\quickd_썐이\cmc\inc\conf.inc.php --> quickd.co.kr /public_html/cmc/inc conf.inc.php
2003.03.22 10:40 B D:\quickd_썐이\cmc\inc\conf.inc.php.bak --> quickd.co.kr /public_html/cmc/inc conf.inc.php.bak
2003.03.22 10:40 B D:\quickd_썐이\cmc\inc\connect.inc.php --> quickd.co.kr /public_html/cmc/inc connect.inc.php
2003.03.22 10:40 B D:\quickd_썐이\cmc\inc\func.inc --> quickd.co.kr /public_html/cmc/inc func.inc
2003.03.22 10:40 B D:\quickd_썐이\cmc\inc\func2.inc --> quickd.co.kr /public_html/cmc/inc func2.inc
2003.03.22 10:40 B D:\quickd_썐이\cmc\inc\h.inc.php --> quickd.co.kr /public_html/cmc/inc h.inc.php
2003.03.22 10:40 B D:\quickd_썐이\cmc\inc\h.inc.php.bak --> quickd.co.kr /public_html/cmc/inc h.inc.php.bak
2003.03.22 10:40 B D:\quickd_썐이\cmc\inc\head.inc --> quickd.co.kr /public_html/cmc/inc head.inc
2003.03.22 10:40 B D:\quickd_썐이\cmc\inc\left_menu.inc --> quickd.co.kr /public_html/cmc/inc left_menu.inc
2003.03.22 10:40 B D:\quickd_썐이\cmc\inc\menu.inc --> quickd.co.kr /public_html/cmc/inc menu.inc
2003.03.22 10:40 B D:\quickd_썐이\cmc\inc\msg.inc --> quickd.co.kr /public_html/cmc/inc msg.inc
2003.03.22 10:40 B D:\quickd_썐이\cmc\inc\overpage.inc --> quickd.co.kr /public_html/cmc/inc overpage.inc
2003.03.22 10:40 B D:\quickd_썐이\cmc\inc\path.inc.php --> quickd.co.kr /public_html/cmc/inc path.inc.php
2003.03.22 10:40 B D:\quickd_썐이\cmc\inc\prepare.inc --> quickd.co.kr /public_html/cmc/inc prepare.inc
2003.03.22 10:40 B D:\quickd_썐이\cmc\inc\t.inc --> quickd.co.kr /public_html/cmc/inc t.inc
2003.03.22 10:40 B D:\quickd_썐이\cmc\inc\t.inc.php --> quickd.co.kr /public_html/cmc/inc t.inc.php
2003.03.22 10:40 B D:\quickd_썐이\cmc\inc\tail.inc --> quickd.co.kr /public_html/cmc/inc tail.inc
2003.03.22 10:40 B D:\quickd_썐이\cmc\inc\throw.inc --> quickd.co.kr /public_html/cmc/inc throw.inc
2003.11.20 11:43 B D:\컾총풤인\inc\WS_FTP.LOG <-- quickd /public_html/tryagain/inc WS_FTP.LOG
2003.11.20 11:45 B D:\컾총풤인\inc\common.inc.php --> momndoll.com /public_html/2003/inc common.inc.php
2003.11.20 11:45 B D:\컾총풤인\inc\conf.inc.php --> momndoll.com /public_html/2003/inc conf.inc.php
2003.11.20 11:45 B D:\컾총풤인\inc\conf.inc.php.bak --> momndoll.com /public_html/2003/inc conf.inc.php.bak
2003.11.20 11:45 B D:\컾총풤인\inc\connect.inc.php --> momndoll.com /public_html/2003/inc connect.inc.php
2003.11.20 11:45 B D:\컾총풤인\inc\func.inc --> momndoll.com /public_html/2003/inc func.inc
2003.11.20 11:45 B D:\컾총풤인\inc\func2.inc --> momndoll.com /public_html/2003/inc func2.inc
2003.11.20 11:45 B D:\컾총풤인\inc\h.inc.php --> momndoll.com /public_html/2003/inc h.inc.php
2003.11.20 11:45 B D:\컾총풤인\inc\h.inc.php.bak --> momndoll.com /public_html/2003/inc h.inc.php.bak
2003.11.20 11:45 B D:\컾총풤인\inc\head.inc --> momndoll.com /public_html/2003/inc head.inc
2003.11.20 11:45 B D:\컾총풤인\inc\left_menu.inc --> momndoll.com /public_html/2003/inc left_menu.inc
2003.11.20 11:45 B D:\컾총풤인\inc\menu.inc --> momndoll.com /public_html/2003/inc menu.inc
2003.11.20 11:45 B D:\컾총풤인\inc\msg.inc --> momndoll.com /public_html/2003/inc msg.inc
2003.11.20 11:45 B D:\컾총풤인\inc\overpage.inc --> momndoll.com /public_html/2003/inc overpage.inc
2003.11.20 11:45 B D:\컾총풤인\inc\path.inc.php --> momndoll.com /public_html/2003/inc path.inc.php
2003.11.20 11:45 B D:\컾총풤인\inc\prepare.inc --> momndoll.com /public_html/2003/inc prepare.inc
2003.11.20 11:45 B D:\컾총풤인\inc\t.inc --> momndoll.com /public_html/2003/inc t.inc
2003.11.20 11:45 B D:\컾총풤인\inc\t.inc.php --> momndoll.com /public_html/2003/inc t.inc.php
2003.11.20 11:45 B D:\컾총풤인\inc\tail.inc --> momndoll.com /public_html/2003/inc tail.inc
2003.11.20 11:45 B D:\컾총풤인\inc\throw.inc --> momndoll.com /public_html/2003/inc throw.inc
2003.11.20 11:45 B D:\컾총풤인\inc\WS_FTP.LOG --> momndoll.com /public_html/2003/inc WS_FTP.LOG
2003.11.29 10:22 B D:\컾총풤인\inc\common.inc.php --> english-pro.com /public_html/inc common.inc.php
2003.11.29 10:22 B D:\컾총풤인\inc\conf.inc.php --> english-pro.com /public_html/inc conf.inc.php
2003.11.29 10:22 B D:\컾총풤인\inc\conf.inc.php.bak --> english-pro.com /public_html/inc conf.inc.php.bak
2003.11.29 10:22 B D:\컾총풤인\inc\connect.inc.php --> english-pro.com /public_html/inc connect.inc.php
2003.11.29 10:22 B D:\컾총풤인\inc\func.inc --> english-pro.com /public_html/inc func.inc
2003.11.29 10:22 B D:\컾총풤인\inc\func2.inc --> english-pro.com /public_html/inc func2.inc
2003.11.29 10:22 B D:\컾총풤인\inc\h.inc.php --> english-pro.com /public_html/inc h.inc.php
2003.11.29 10:22 B D:\컾총풤인\inc\h.inc.php.bak --> english-pro.com /public_html/inc h.inc.php.bak
2003.11.29 10:22 B D:\컾총풤인\inc\head.inc --> english-pro.com /public_html/inc head.inc
2003.11.29 10:22 B D:\컾총풤인\inc\left_menu.inc --> english-pro.com /public_html/inc left_menu.inc
2003.11.29 10:22 B D:\컾총풤인\inc\menu.inc --> english-pro.com /public_html/inc menu.inc
2003.11.29 10:22 B D:\컾총풤인\inc\msg.inc --> english-pro.com /public_html/inc msg.inc
2003.11.29 10:22 B D:\컾총풤인\inc\overpage.inc --> english-pro.com /public_html/inc overpage.inc
2003.11.29 10:22 B D:\컾총풤인\inc\path.inc.php --> english-pro.com /public_html/inc path.inc.php
2003.11.29 10:22 B D:\컾총풤인\inc\prepare.inc --> english-pro.com /public_html/inc prepare.inc
2003.11.29 10:22 B D:\컾총풤인\inc\t.inc --> english-pro.com /public_html/inc t.inc
2003.11.29 10:22 B D:\컾총풤인\inc\t.inc.php --> english-pro.com /public_html/inc t.inc.php
2003.11.29 10:22 B D:\컾총풤인\inc\tail.inc --> english-pro.com /public_html/inc tail.inc
2003.11.29 10:22 B D:\컾총풤인\inc\throw.inc --> english-pro.com /public_html/inc throw.inc
2003.11.29 10:22 B D:\컾총풤인\inc\WS_FTP.LOG --> english-pro.com /public_html/inc WS_FTP.LOG
2003.11.29 10:40 B D:\컾총풤인\inc\pre.inc.php <-- englishpro /public_html/inc pre.inc.php
2004.01.15 17:56 B D:\컾총풤인\inc\common.inc.php --> goodoneroom.co.kr /public_html/inc common.inc.php
2004.01.15 17:56 B D:\컾총풤인\inc\conf.inc.php --> goodoneroom.co.kr /public_html/inc conf.inc.php
2004.01.15 17:56 B D:\컾총풤인\inc\conf.inc.php.bak --> goodoneroom.co.kr /public_html/inc conf.inc.php.bak
2004.01.15 17:56 B D:\컾총풤인\inc\connect.inc.php --> goodoneroom.co.kr /public_html/inc connect.inc.php
2004.01.15 17:56 B D:\컾총풤인\inc\func.inc --> goodoneroom.co.kr /public_html/inc func.inc
2004.01.15 17:56 B D:\컾총풤인\inc\func2.inc --> goodoneroom.co.kr /public_html/inc func2.inc
2004.01.15 17:56 B D:\컾총풤인\inc\h.inc.php --> goodoneroom.co.kr /public_html/inc h.inc.php
2004.01.15 17:56 B D:\컾총풤인\inc\h.inc.php.bak --> goodoneroom.co.kr /public_html/inc h.inc.php.bak
2004.01.15 17:56 B D:\컾총풤인\inc\head.inc --> goodoneroom.co.kr /public_html/inc head.inc
2004.01.15 17:56 B D:\컾총풤인\inc\left_menu.inc --> goodoneroom.co.kr /public_html/inc left_menu.inc
2004.01.15 17:56 B D:\컾총풤인\inc\menu.inc --> goodoneroom.co.kr /public_html/inc menu.inc
2004.01.15 17:56 B D:\컾총풤인\inc\msg.inc --> goodoneroom.co.kr /public_html/inc msg.inc
2004.01.15 17:56 B D:\컾총풤인\inc\overpage.inc --> goodoneroom.co.kr /public_html/inc overpage.inc
2004.01.15 17:56 B D:\컾총풤인\inc\path.inc.php --> goodoneroom.co.kr /public_html/inc path.inc.php
2004.01.15 17:56 B D:\컾총풤인\inc\pre.inc.php --> goodoneroom.co.kr /public_html/inc pre.inc.php
2004.01.15 17:56 B D:\컾총풤인\inc\prepare.inc --> goodoneroom.co.kr /public_html/inc prepare.inc
2004.01.15 17:56 B D:\컾총풤인\inc\t.inc --> goodoneroom.co.kr /public_html/inc t.inc
2004.01.15 17:56 B D:\컾총풤인\inc\t.inc.php --> goodoneroom.co.kr /public_html/inc t.inc.php
2004.01.15 17:57 B D:\컾총풤인\inc\tail.inc --> goodoneroom.co.kr /public_html/inc tail.inc
2004.01.15 17:57 B D:\컾총풤인\inc\throw.inc --> goodoneroom.co.kr /public_html/inc throw.inc
2004.01.15 17:57 B D:\컾총풤인\inc\WS_FTP.LOG --> goodoneroom.co.kr /public_html/inc WS_FTP.LOG
2004.02.03 16:57 B D:\컾총풤인\inc\common.inc.php --> www.ccmarathon.com /home/ccmarathon/www/inc common.inc.php
2004.02.03 16:57 B D:\컾총풤인\inc\conf.inc.php --> www.ccmarathon.com /home/ccmarathon/www/inc conf.inc.php
2004.02.03 16:57 B D:\컾총풤인\inc\conf.inc.php.bak --> www.ccmarathon.com /home/ccmarathon/www/inc conf.inc.php.bak
2004.02.03 16:57 B D:\컾총풤인\inc\connect.inc.php --> www.ccmarathon.com /home/ccmarathon/www/inc connect.inc.php
2004.02.03 16:57 B D:\컾총풤인\inc\func.inc --> www.ccmarathon.com /home/ccmarathon/www/inc func.inc
2004.02.03 16:57 B D:\컾총풤인\inc\func2.inc --> www.ccmarathon.com /home/ccmarathon/www/inc func2.inc
2004.02.03 16:57 B D:\컾총풤인\inc\h.inc.php --> www.ccmarathon.com /home/ccmarathon/www/inc h.inc.php
2004.02.03 16:57 B D:\컾총풤인\inc\h.inc.php.bak --> www.ccmarathon.com /home/ccmarathon/www/inc h.inc.php.bak
2004.02.03 16:57 B D:\컾총풤인\inc\head.inc --> www.ccmarathon.com /home/ccmarathon/www/inc head.inc
2004.02.03 16:57 B D:\컾총풤인\inc\left_menu.inc --> www.ccmarathon.com /home/ccmarathon/www/inc left_menu.inc
2004.02.03 16:57 B D:\컾총풤인\inc\menu.inc --> www.ccmarathon.com /home/ccmarathon/www/inc menu.inc
2004.02.03 16:57 B D:\컾총풤인\inc\msg.inc --> www.ccmarathon.com /home/ccmarathon/www/inc msg.inc
2004.02.03 16:57 B D:\컾총풤인\inc\overpage.inc --> www.ccmarathon.com /home/ccmarathon/www/inc overpage.inc
2004.02.03 16:57 B D:\컾총풤인\inc\path.inc.php --> www.ccmarathon.com /home/ccmarathon/www/inc path.inc.php
2004.02.03 16:57 B D:\컾총풤인\inc\pre.inc.php --> www.ccmarathon.com /home/ccmarathon/www/inc pre.inc.php
2004.02.03 16:57 B D:\컾총풤인\inc\prepare.inc --> www.ccmarathon.com /home/ccmarathon/www/inc prepare.inc
2004.02.03 16:57 B D:\컾총풤인\inc\t.inc --> www.ccmarathon.com /home/ccmarathon/www/inc t.inc
2004.02.03 16:57 B D:\컾총풤인\inc\t.inc.php --> www.ccmarathon.com /home/ccmarathon/www/inc t.inc.php
2004.02.03 16:57 B D:\컾총풤인\inc\tail.inc --> www.ccmarathon.com /home/ccmarathon/www/inc tail.inc
2004.02.03 16:57 B D:\컾총풤인\inc\throw.inc --> www.ccmarathon.com /home/ccmarathon/www/inc throw.inc
2004.02.03 16:57 B D:\컾총풤인\inc\WS_FTP.LOG --> www.ccmarathon.com /home/ccmarathon/www/inc WS_FTP.LOG
2004.02.17 18:22 B D:\컾총풤인\inc\common.inc.php --> foretell4u.com /public_html/inc common.inc.php
2004.02.17 18:22 B D:\컾총풤인\inc\conf.inc.php --> foretell4u.com /public_html/inc conf.inc.php
2004.02.17 18:22 B D:\컾총풤인\inc\conf.inc.php.bak --> foretell4u.com /public_html/inc conf.inc.php.bak
2004.02.17 18:22 B D:\컾총풤인\inc\connect.inc.php --> foretell4u.com /public_html/inc connect.inc.php
2004.02.17 18:22 B D:\컾총풤인\inc\func.inc --> foretell4u.com /public_html/inc func.inc
2004.02.17 18:22 B D:\컾총풤인\inc\func2.inc --> foretell4u.com /public_html/inc func2.inc
2004.02.17 18:22 B D:\컾총풤인\inc\h.inc.php --> foretell4u.com /public_html/inc h.inc.php
2004.02.17 18:22 B D:\컾총풤인\inc\h.inc.php.bak --> foretell4u.com /public_html/inc h.inc.php.bak
2004.02.17 18:22 B D:\컾총풤인\inc\head.inc --> foretell4u.com /public_html/inc head.inc
2004.02.17 18:22 B D:\컾총풤인\inc\left_menu.inc --> foretell4u.com /public_html/inc left_menu.inc
2004.02.17 18:22 B D:\컾총풤인\inc\menu.inc --> foretell4u.com /public_html/inc menu.inc
2004.02.17 18:22 B D:\컾총풤인\inc\msg.inc --> foretell4u.com /public_html/inc msg.inc
2004.02.17 18:22 B D:\컾총풤인\inc\overpage.inc --> foretell4u.com /public_html/inc overpage.inc
2004.02.17 18:22 B D:\컾총풤인\inc\path.inc.php --> foretell4u.com /public_html/inc path.inc.php
2004.02.17 18:22 B D:\컾총풤인\inc\pre.inc.php --> foretell4u.com /public_html/inc pre.inc.php
2004.02.17 18:22 B D:\컾총풤인\inc\prepare.inc --> foretell4u.com /public_html/inc prepare.inc
2004.02.17 18:22 B D:\컾총풤인\inc\t.inc --> foretell4u.com /public_html/inc t.inc
2004.02.17 18:22 B D:\컾총풤인\inc\t.inc.php --> foretell4u.com /public_html/inc t.inc.php
2004.02.17 18:22 B D:\컾총풤인\inc\tail.inc --> foretell4u.com /public_html/inc tail.inc
2004.02.17 18:22 B D:\컾총풤인\inc\throw.inc --> foretell4u.com /public_html/inc throw.inc
2004.02.17 18:22 B D:\컾총풤인\inc\WS_FTP.LOG --> foretell4u.com /public_html/inc WS_FTP.LOG
2004.02.18 20:25 B D:\컾총풤인\inc\common.inc.php --> momzzangman.com /home/momzzangman/www/inc common.inc.php
2004.02.18 20:25 B D:\컾총풤인\inc\conf.inc.php --> momzzangman.com /home/momzzangman/www/inc conf.inc.php
2004.02.18 20:25 B D:\컾총풤인\inc\conf.inc.php.bak --> momzzangman.com /home/momzzangman/www/inc conf.inc.php.bak
2004.02.18 20:25 B D:\컾총풤인\inc\connect.inc.php --> momzzangman.com /home/momzzangman/www/inc connect.inc.php
2004.02.18 20:25 B D:\컾총풤인\inc\func.inc --> momzzangman.com /home/momzzangman/www/inc func.inc
2004.02.18 20:25 B D:\컾총풤인\inc\func2.inc --> momzzangman.com /home/momzzangman/www/inc func2.inc
2004.02.18 20:25 B D:\컾총풤인\inc\h.inc.php --> momzzangman.com /home/momzzangman/www/inc h.inc.php
2004.02.18 20:25 B D:\컾총풤인\inc\h.inc.php.bak --> momzzangman.com /home/momzzangman/www/inc h.inc.php.bak
2004.02.18 20:25 B D:\컾총풤인\inc\head.inc --> momzzangman.com /home/momzzangman/www/inc head.inc
2004.02.18 20:25 B D:\컾총풤인\inc\left_menu.inc --> momzzangman.com /home/momzzangman/www/inc left_menu.inc
2004.02.18 20:25 B D:\컾총풤인\inc\menu.inc --> momzzangman.com /home/momzzangman/www/inc menu.inc
2004.02.18 20:25 B D:\컾총풤인\inc\msg.inc --> momzzangman.com /home/momzzangman/www/inc msg.inc
2004.02.18 20:25 B D:\컾총풤인\inc\overpage.inc --> momzzangman.com /home/momzzangman/www/inc overpage.inc
2004.02.18 20:25 B D:\컾총풤인\inc\path.inc.php --> momzzangman.com /home/momzzangman/www/inc path.inc.php
2004.02.18 20:25 B D:\컾총풤인\inc\pre.inc.php --> momzzangman.com /home/momzzangman/www/inc pre.inc.php
2004.02.18 20:25 B D:\컾총풤인\inc\prepare.inc --> momzzangman.com /home/momzzangman/www/inc prepare.inc
2004.02.18 20:25 B D:\컾총풤인\inc\t.inc --> momzzangman.com /home/momzzangman/www/inc t.inc
2004.02.18 20:25 B D:\컾총풤인\inc\t.inc.php --> momzzangman.com /home/momzzangman/www/inc t.inc.php
2004.02.18 20:25 B D:\컾총풤인\inc\tail.inc --> momzzangman.com /home/momzzangman/www/inc tail.inc
2004.02.18 20:25 B D:\컾총풤인\inc\throw.inc --> momzzangman.com /home/momzzangman/www/inc throw.inc
2004.02.18 20:25 B D:\컾총풤인\inc\WS_FTP.LOG --> momzzangman.com /home/momzzangman/www/inc WS_FTP.LOG
2004.02.27 19:22 B D:\컾총풤인\inc\common.inc.php --> quickd.co.kr /public_html/hh/korean/inc common.inc.php
2004.02.27 19:22 B D:\컾총풤인\inc\conf.inc.php --> quickd.co.kr /public_html/hh/korean/inc conf.inc.php
2004.02.27 19:22 B D:\컾총풤인\inc\conf.inc.php.bak --> quickd.co.kr /public_html/hh/korean/inc conf.inc.php.bak
2004.02.27 19:22 B D:\컾총풤인\inc\connect.inc.php --> quickd.co.kr /public_html/hh/korean/inc connect.inc.php
2004.02.27 19:22 B D:\컾총풤인\inc\func.inc --> quickd.co.kr /public_html/hh/korean/inc func.inc
2004.02.27 19:22 B D:\컾총풤인\inc\func2.inc --> quickd.co.kr /public_html/hh/korean/inc func2.inc
2004.02.27 19:22 B D:\컾총풤인\inc\h.inc.php --> quickd.co.kr /public_html/hh/korean/inc h.inc.php
2004.02.27 19:22 B D:\컾총풤인\inc\h.inc.php.bak --> quickd.co.kr /public_html/hh/korean/inc h.inc.php.bak
2004.02.27 19:22 B D:\컾총풤인\inc\head.inc --> quickd.co.kr /public_html/hh/korean/inc head.inc
2004.02.27 19:22 B D:\컾총풤인\inc\left_menu.inc --> quickd.co.kr /public_html/hh/korean/inc left_menu.inc
2004.02.27 19:22 B D:\컾총풤인\inc\menu.inc --> quickd.co.kr /public_html/hh/korean/inc menu.inc
2004.02.27 19:22 B D:\컾총풤인\inc\msg.inc --> quickd.co.kr /public_html/hh/korean/inc msg.inc
2004.02.27 19:22 B D:\컾총풤인\inc\overpage.inc --> quickd.co.kr /public_html/hh/korean/inc overpage.inc
2004.02.27 19:22 B D:\컾총풤인\inc\path.inc.php --> quickd.co.kr /public_html/hh/korean/inc path.inc.php
2004.02.27 19:22 B D:\컾총풤인\inc\pre.inc.php --> quickd.co.kr /public_html/hh/korean/inc pre.inc.php
2004.02.27 19:22 B D:\컾총풤인\inc\prepare.inc --> quickd.co.kr /public_html/hh/korean/inc prepare.inc
2004.02.27 19:22 B D:\컾총풤인\inc\t.inc --> quickd.co.kr /public_html/hh/korean/inc t.inc
2004.02.27 19:22 B D:\컾총풤인\inc\t.inc.php --> quickd.co.kr /public_html/hh/korean/inc t.inc.php
2004.02.27 19:23 B D:\컾총풤인\inc\tail.inc --> quickd.co.kr /public_html/hh/korean/inc tail.inc
2004.02.27 19:23 B D:\컾총풤인\inc\throw.inc --> quickd.co.kr /public_html/hh/korean/inc throw.inc
2004.02.27 19:23 B D:\컾총풤인\inc\WS_FTP.LOG --> quickd.co.kr /public_html/hh/korean/inc WS_FTP.LOG
2004.04.08 18:43 B D:\컾총풤인\inc\common.inc.php --> onechip.net /public_html/inc common.inc.php
2004.04.08 18:43 B D:\컾총풤인\inc\conf.inc.php --> onechip.net /public_html/inc conf.inc.php
2004.04.08 18:43 B D:\컾총풤인\inc\conf.inc.php.bak --> onechip.net /public_html/inc conf.inc.php.bak
2004.04.08 18:43 B D:\컾총풤인\inc\connect.inc.php --> onechip.net /public_html/inc connect.inc.php
2004.04.08 18:43 B D:\컾총풤인\inc\func.inc --> onechip.net /public_html/inc func.inc
2004.04.08 18:43 B D:\컾총풤인\inc\func2.inc --> onechip.net /public_html/inc func2.inc
2004.04.08 18:43 B D:\컾총풤인\inc\h.inc.php --> onechip.net /public_html/inc h.inc.php
2004.04.08 18:43 B D:\컾총풤인\inc\h.inc.php.bak --> onechip.net /public_html/inc h.inc.php.bak
2004.04.08 18:43 B D:\컾총풤인\inc\head.inc --> onechip.net /public_html/inc head.inc
2004.04.08 18:43 B D:\컾총풤인\inc\left_menu.inc --> onechip.net /public_html/inc left_menu.inc
2004.04.08 18:43 B D:\컾총풤인\inc\menu.inc --> onechip.net /public_html/inc menu.inc
2004.04.08 18:43 B D:\컾총풤인\inc\msg.inc --> onechip.net /public_html/inc msg.inc
2004.04.08 18:43 B D:\컾총풤인\inc\overpage.inc --> onechip.net /public_html/inc overpage.inc
2004.04.08 18:43 B D:\컾총풤인\inc\path.inc.php --> onechip.net /public_html/inc path.inc.php
2004.04.08 18:43 B D:\컾총풤인\inc\pre.inc.php --> onechip.net /public_html/inc pre.inc.php
2004.04.08 18:43 B D:\컾총풤인\inc\prepare.inc --> onechip.net /public_html/inc prepare.inc
2004.04.08 18:43 B D:\컾총풤인\inc\t.inc --> onechip.net /public_html/inc t.inc
2004.04.08 18:43 B D:\컾총풤인\inc\t.inc.php --> onechip.net /public_html/inc t.inc.php
2004.04.08 18:43 B D:\컾총풤인\inc\tail.inc --> onechip.net /public_html/inc tail.inc
2004.04.08 18:43 B D:\컾총풤인\inc\throw.inc --> onechip.net /public_html/inc throw.inc
2004.04.08 18:43 B D:\컾총풤인\inc\WS_FTP.LOG --> onechip.net /public_html/inc WS_FTP.LOG
2004.05.06 16:14 B D:\컾총풤인\inc\common.inc.php --> quickd.co.kr /public_html/gnd/inc common.inc.php
2004.05.06 16:14 B D:\컾총풤인\inc\conf.inc.php --> quickd.co.kr /public_html/gnd/inc conf.inc.php
2004.05.06 16:14 B D:\컾총풤인\inc\conf.inc.php.bak --> quickd.co.kr /public_html/gnd/inc conf.inc.php.bak
2004.05.06 16:14 B D:\컾총풤인\inc\connect.inc.php --> quickd.co.kr /public_html/gnd/inc connect.inc.php
2004.05.06 16:14 B D:\컾총풤인\inc\func.inc --> quickd.co.kr /public_html/gnd/inc func.inc
2004.05.06 16:14 B D:\컾총풤인\inc\func2.inc --> quickd.co.kr /public_html/gnd/inc func2.inc
2004.05.06 16:14 B D:\컾총풤인\inc\h.inc.php --> quickd.co.kr /public_html/gnd/inc h.inc.php
2004.05.06 16:14 B D:\컾총풤인\inc\h.inc.php.bak --> quickd.co.kr /public_html/gnd/inc h.inc.php.bak
2004.05.06 16:14 B D:\컾총풤인\inc\head.inc --> quickd.co.kr /public_html/gnd/inc head.inc
2004.05.06 16:14 B D:\컾총풤인\inc\left_menu.inc --> quickd.co.kr /public_html/gnd/inc left_menu.inc
2004.05.06 16:14 B D:\컾총풤인\inc\menu.inc --> quickd.co.kr /public_html/gnd/inc menu.inc
2004.05.06 16:14 B D:\컾총풤인\inc\msg.inc --> quickd.co.kr /public_html/gnd/inc msg.inc
2004.05.06 16:14 B D:\컾총풤인\inc\overpage.inc --> quickd.co.kr /public_html/gnd/inc overpage.inc
2004.05.06 16:14 B D:\컾총풤인\inc\path.inc.php --> quickd.co.kr /public_html/gnd/inc path.inc.php
2004.05.06 16:14 B D:\컾총풤인\inc\pre.inc.php --> quickd.co.kr /public_html/gnd/inc pre.inc.php
2004.05.06 16:14 B D:\컾총풤인\inc\prepare.inc --> quickd.co.kr /public_html/gnd/inc prepare.inc
2004.05.06 16:14 B D:\컾총풤인\inc\t.inc --> quickd.co.kr /public_html/gnd/inc t.inc
2004.05.06 16:14 B D:\컾총풤인\inc\t.inc.php --> quickd.co.kr /public_html/gnd/inc t.inc.php
2004.05.06 16:14 B D:\컾총풤인\inc\tail.inc --> quickd.co.kr /public_html/gnd/inc tail.inc
2004.05.06 16:14 B D:\컾총풤인\inc\throw.inc --> quickd.co.kr /public_html/gnd/inc throw.inc
2004.05.06 16:14 B D:\컾총풤인\inc\WS_FTP.LOG --> quickd.co.kr /public_html/gnd/inc WS_FTP.LOG
2004.08.13 16:20 B D:\컾총풤인\inc\common.inc.php --> foodfarm.co.kr /public_html/inc common.inc.php
2004.08.13 16:20 B D:\컾총풤인\inc\conf.inc.php --> foodfarm.co.kr /public_html/inc conf.inc.php
2004.08.13 16:20 B D:\컾총풤인\inc\conf.inc.php.bak --> foodfarm.co.kr /public_html/inc conf.inc.php.bak
2004.08.13 16:20 B D:\컾총풤인\inc\connect.inc.php --> foodfarm.co.kr /public_html/inc connect.inc.php
2004.08.13 16:20 B D:\컾총풤인\inc\func.inc --> foodfarm.co.kr /public_html/inc func.inc
2004.08.13 16:20 B D:\컾총풤인\inc\func2.inc --> foodfarm.co.kr /public_html/inc func2.inc
2004.08.13 16:20 B D:\컾총풤인\inc\h.inc.php --> foodfarm.co.kr /public_html/inc h.inc.php
2004.08.13 16:20 B D:\컾총풤인\inc\h.inc.php.bak --> foodfarm.co.kr /public_html/inc h.inc.php.bak
2004.08.13 16:20 B D:\컾총풤인\inc\head.inc --> foodfarm.co.kr /public_html/inc head.inc
2004.08.13 16:20 B D:\컾총풤인\inc\left_menu.inc --> foodfarm.co.kr /public_html/inc left_menu.inc
2004.08.13 16:20 B D:\컾총풤인\inc\menu.inc --> foodfarm.co.kr /public_html/inc menu.inc
2004.08.13 16:20 B D:\컾총풤인\inc\msg.inc --> foodfarm.co.kr /public_html/inc msg.inc
2004.08.13 16:20 B D:\컾총풤인\inc\overpage.inc --> foodfarm.co.kr /public_html/inc overpage.inc
2004.08.13 16:21 B D:\컾총풤인\inc\path.inc.php --> foodfarm.co.kr /public_html/inc path.inc.php
2004.08.13 16:21 B D:\컾총풤인\inc\pre.inc.php --> foodfarm.co.kr /public_html/inc pre.inc.php
2004.08.13 16:21 B D:\컾총풤인\inc\prepare.inc --> foodfarm.co.kr /public_html/inc prepare.inc
2004.08.13 16:21 B D:\컾총풤인\inc\t.inc --> foodfarm.co.kr /public_html/inc t.inc
2004.08.13 16:21 B D:\컾총풤인\inc\t.inc.php --> foodfarm.co.kr /public_html/inc t.inc.php
2004.08.13 16:21 B D:\컾총풤인\inc\tail.inc --> foodfarm.co.kr /public_html/inc tail.inc
2004.08.13 16:21 B D:\컾총풤인\inc\throw.inc --> foodfarm.co.kr /public_html/inc throw.inc
2004.08.13 16:21 B D:\컾총풤인\inc\WS_FTP.LOG --> foodfarm.co.kr /public_html/inc WS_FTP.LOG
