2002.11.16 11:45 B D:\box\public_html\2002\m_admin\content.inc.php <-- quickd /public_html/2002/m_admin content.inc.php
2002.11.16 11:45 B D:\box\public_html\2002\m_admin\home.inc.php <-- quickd /public_html/2002/m_admin home.inc.php
2002.11.16 11:45 B D:\box\public_html\2002\m_admin\index.php <-- quickd /public_html/2002/m_admin index.php
2002.11.16 11:45 B D:\box\public_html\2002\m_admin\menu.inc.php <-- quickd /public_html/2002/m_admin menu.inc.php
2002.11.16 12:23 B D:\box\public_html\2002\m_admin\content.inc.php --> host15.wotonet.com /public_html/2002/m_admin content.inc.php
2002.11.16 12:23 B D:\box\public_html\2002\m_admin\home.inc.php --> host15.wotonet.com /public_html/2002/m_admin home.inc.php
2002.11.16 12:23 B D:\box\public_html\2002\m_admin\index.php --> host15.wotonet.com /public_html/2002/m_admin index.php
2002.11.16 12:23 B D:\box\public_html\2002\m_admin\menu.inc.php --> host15.wotonet.com /public_html/2002/m_admin menu.inc.php
2003.11.20 11:23 B D:\컾총풤인\quick_admin\WS_FTP.LOG <-- quickd /public_html/tryagain/quick_admin WS_FTP.LOG
2003.11.20 11:45 B D:\컾총풤인\quick_admin\content.inc.php --> momndoll.com /public_html/2003/quick_admin content.inc.php
2003.11.20 11:45 B D:\컾총풤인\quick_admin\home.inc.php --> momndoll.com /public_html/2003/quick_admin home.inc.php
2003.11.20 11:45 B D:\컾총풤인\quick_admin\index.html --> momndoll.com /public_html/2003/quick_admin index.html
2003.11.20 11:45 B D:\컾총풤인\quick_admin\intro.html --> momndoll.com /public_html/2003/quick_admin intro.html
2003.11.20 11:45 B D:\컾총풤인\quick_admin\menu.inc.php --> momndoll.com /public_html/2003/quick_admin menu.inc.php
2003.11.20 11:45 B D:\컾총풤인\quick_admin\WS_FTP.LOG --> momndoll.com /public_html/2003/quick_admin WS_FTP.LOG
2003.11.29 10:19 B D:\컾총풤인\quick_admin\content.inc.php --> english-pro.com /public_html/quick_admin content.inc.php
2003.11.29 10:19 B D:\컾총풤인\quick_admin\home.inc.php --> english-pro.com /public_html/quick_admin home.inc.php
2003.11.29 10:19 B D:\컾총풤인\quick_admin\index.html --> english-pro.com /public_html/quick_admin index.html
2003.11.29 10:19 B D:\컾총풤인\quick_admin\intro.html --> english-pro.com /public_html/quick_admin intro.html
2003.11.29 10:19 B D:\컾총풤인\quick_admin\menu.inc.php --> english-pro.com /public_html/quick_admin menu.inc.php
2003.11.29 10:19 B D:\컾총풤인\quick_admin\WS_FTP.LOG --> english-pro.com /public_html/quick_admin WS_FTP.LOG
2003.12.09 15:02 B D:\컾총풤인\quick_admin\content.inc.php --> ezoomoney.com /public_html/quick_admin content.inc.php
2003.12.09 15:02 B D:\컾총풤인\quick_admin\home.inc.php --> ezoomoney.com /public_html/quick_admin home.inc.php
2003.12.09 15:02 B D:\컾총풤인\quick_admin\index.html --> ezoomoney.com /public_html/quick_admin index.html
2003.12.09 15:02 B D:\컾총풤인\quick_admin\intro.html --> ezoomoney.com /public_html/quick_admin intro.html
2003.12.09 15:02 B D:\컾총풤인\quick_admin\menu.inc.php --> ezoomoney.com /public_html/quick_admin menu.inc.php
2003.12.09 15:02 B D:\컾총풤인\quick_admin\WS_FTP.LOG --> ezoomoney.com /public_html/quick_admin WS_FTP.LOG
2004.02.03 16:59 B D:\컾총풤인\quick_admin\content.inc.php --> www.ccmarathon.com /home/ccmarathon/www/quick_admin content.inc.php
2004.02.03 16:59 B D:\컾총풤인\quick_admin\home.inc.php --> www.ccmarathon.com /home/ccmarathon/www/quick_admin home.inc.php
2004.02.03 16:59 B D:\컾총풤인\quick_admin\index.html --> www.ccmarathon.com /home/ccmarathon/www/quick_admin index.html
2004.02.03 16:59 B D:\컾총풤인\quick_admin\intro.html --> www.ccmarathon.com /home/ccmarathon/www/quick_admin intro.html
2004.02.03 16:59 B D:\컾총풤인\quick_admin\menu.inc.php --> www.ccmarathon.com /home/ccmarathon/www/quick_admin menu.inc.php
2004.02.03 16:59 B D:\컾총풤인\quick_admin\WS_FTP.LOG --> www.ccmarathon.com /home/ccmarathon/www/quick_admin WS_FTP.LOG
2004.02.17 18:23 B D:\컾총풤인\quick_admin\content.inc.php --> foretell4u.com /public_html/quick_admin content.inc.php
2004.02.17 18:23 B D:\컾총풤인\quick_admin\home.inc.php --> foretell4u.com /public_html/quick_admin home.inc.php
2004.02.17 18:23 B D:\컾총풤인\quick_admin\index.html --> foretell4u.com /public_html/quick_admin index.html
2004.02.17 18:23 B D:\컾총풤인\quick_admin\intro.html --> foretell4u.com /public_html/quick_admin intro.html
2004.02.17 18:23 B D:\컾총풤인\quick_admin\menu.inc.php --> foretell4u.com /public_html/quick_admin menu.inc.php
2004.02.17 18:23 B D:\컾총풤인\quick_admin\WS_FTP.LOG --> foretell4u.com /public_html/quick_admin WS_FTP.LOG
2004.02.18 20:27 B D:\컾총풤인\quick_admin\content.inc.php --> momzzangman.com /home/momzzangman/www/quick_admin content.inc.php
2004.02.18 20:27 B D:\컾총풤인\quick_admin\home.inc.php --> momzzangman.com /home/momzzangman/www/quick_admin home.inc.php
2004.02.18 20:27 B D:\컾총풤인\quick_admin\index.html --> momzzangman.com /home/momzzangman/www/quick_admin index.html
2004.02.18 20:27 B D:\컾총풤인\quick_admin\intro.html --> momzzangman.com /home/momzzangman/www/quick_admin intro.html
2004.02.18 20:27 B D:\컾총풤인\quick_admin\menu.inc.php --> momzzangman.com /home/momzzangman/www/quick_admin menu.inc.php
2004.02.18 20:27 B D:\컾총풤인\quick_admin\WS_FTP.LOG --> momzzangman.com /home/momzzangman/www/quick_admin WS_FTP.LOG
2004.02.27 19:23 B D:\컾총풤인\quick_admin\content.inc.php --> quickd.co.kr /public_html/hh/korean/quick_admin content.inc.php
2004.02.27 19:23 B D:\컾총풤인\quick_admin\home.inc.php --> quickd.co.kr /public_html/hh/korean/quick_admin home.inc.php
2004.02.27 19:23 B D:\컾총풤인\quick_admin\index.html --> quickd.co.kr /public_html/hh/korean/quick_admin index.html
2004.02.27 19:23 B D:\컾총풤인\quick_admin\intro.html --> quickd.co.kr /public_html/hh/korean/quick_admin intro.html
2004.02.27 19:23 B D:\컾총풤인\quick_admin\menu.inc.php --> quickd.co.kr /public_html/hh/korean/quick_admin menu.inc.php
2004.02.27 19:23 B D:\컾총풤인\quick_admin\WS_FTP.LOG --> quickd.co.kr /public_html/hh/korean/quick_admin WS_FTP.LOG
2004.04.08 18:45 B D:\컾총풤인\quick_admin\content.inc.php --> onechip.net /public_html/quick_admin content.inc.php
2004.04.08 18:45 B D:\컾총풤인\quick_admin\home.inc.php --> onechip.net /public_html/quick_admin home.inc.php
2004.04.08 18:45 B D:\컾총풤인\quick_admin\index.html --> onechip.net /public_html/quick_admin index.html
2004.04.08 18:45 B D:\컾총풤인\quick_admin\intro.html --> onechip.net /public_html/quick_admin intro.html
2004.04.08 18:45 B D:\컾총풤인\quick_admin\menu.inc.php --> onechip.net /public_html/quick_admin menu.inc.php
2004.04.08 18:45 B D:\컾총풤인\quick_admin\WS_FTP.LOG --> onechip.net /public_html/quick_admin WS_FTP.LOG
2004.05.06 16:14 B D:\컾총풤인\quick_admin\content.inc.php --> quickd.co.kr /public_html/gnd/quick_admin content.inc.php
2004.05.06 16:14 B D:\컾총풤인\quick_admin\home.inc.php --> quickd.co.kr /public_html/gnd/quick_admin home.inc.php
2004.05.06 16:14 B D:\컾총풤인\quick_admin\index.html --> quickd.co.kr /public_html/gnd/quick_admin index.html
2004.05.06 16:14 B D:\컾총풤인\quick_admin\intro.html --> quickd.co.kr /public_html/gnd/quick_admin intro.html
2004.05.06 16:14 B D:\컾총풤인\quick_admin\menu.inc.php --> quickd.co.kr /public_html/gnd/quick_admin menu.inc.php
2004.05.06 16:14 B D:\컾총풤인\quick_admin\WS_FTP.LOG --> quickd.co.kr /public_html/gnd/quick_admin WS_FTP.LOG
